<?xml version="1.0" encoding="UTF-8"?>
<robot generator="Robot 4.1 (Python 3.9.6 on win32)" generated="20210906 16:10:30.807" rpa="false" schemaversion="2">
<suite id="s1" name="Testweb" source="C:\Users\beraz\github\testweb\testweb.robot">
<test id="s1-t1" name="Caso de Teste 01: Cadastrar Cliente">
<kw name="Abrir navegador" library="resources" type="SETUP">
<kw name="Open Browser" library="SeleniumLibrary">
<arg>http://automationpractice.com/index.php</arg>
<arg>${BROWSER}</arg>
<doc>Opens a new browser instance to the optional ``url``.</doc>
<msg timestamp="20210906 16:10:30.957" level="INFO">Opening browser 'chrome' to base url 'http://automationpractice.com/index.php'.</msg>
<status status="PASS" starttime="20210906 16:10:30.957" endtime="20210906 16:10:36.047"/>
</kw>
<status status="PASS" starttime="20210906 16:10:30.957" endtime="20210906 16:10:36.048"/>
</kw>
<kw name="Dado que estou na página home do site" library="home">
<kw name="Go To" library="SeleniumLibrary">
<arg>http://automationpractice.com/index.php</arg>
<doc>Navigates the current browser window to the provided ``url``.</doc>
<msg timestamp="20210906 16:10:36.049" level="INFO">Opening url 'http://automationpractice.com/index.php'</msg>
<status status="PASS" starttime="20210906 16:10:36.048" endtime="20210906 16:10:37.229"/>
</kw>
<kw name="Title Should Be" library="SeleniumLibrary">
<arg>My Store</arg>
<doc>Verifies that the current page title equals ``title``.</doc>
<msg timestamp="20210906 16:10:37.290" level="INFO">Page title is 'My Store'.</msg>
<status status="PASS" starttime="20210906 16:10:37.229" endtime="20210906 16:10:37.290"/>
</kw>
<status status="PASS" starttime="20210906 16:10:36.048" endtime="20210906 16:10:37.290"/>
</kw>
<kw name="Quando eu clicar no botão superior direito &quot;Sign in&quot;" library="home" sourcename="Quando eu clicar no botão superior direito &quot;${LOGAR}&quot;">
<kw name="Wait Until Element Is Visible" library="SeleniumLibrary">
<arg>//a[contains(text(), "${LOGAR}")]</arg>
<doc>Waits until the element ``locator`` is visible.</doc>
<status status="PASS" starttime="20210906 16:10:37.291" endtime="20210906 16:10:37.309"/>
</kw>
<kw name="Click Element" library="SeleniumLibrary">
<arg>//a[contains(text(), "${LOGAR}")]</arg>
<doc>Click the element identified by ``locator``.</doc>
<msg timestamp="20210906 16:10:37.310" level="INFO">Clicking element '//a[contains(text(), "Sign in")]'.</msg>
<status status="PASS" starttime="20210906 16:10:37.309" endtime="20210906 16:10:39.251"/>
</kw>
<status status="PASS" starttime="20210906 16:10:37.291" endtime="20210906 16:10:39.252"/>
</kw>
<kw name="E inserir um e-mail válido" library="login">
<kw name="gerar email" library="login">
<kw name="Generate Random String" library="String">
<var>${EMAIL}</var>
<arg>5</arg>
<arg>[LETTERS]</arg>
<doc>Generates a string with a desired ``length`` from the given ``chars``.</doc>
<msg timestamp="20210906 16:10:39.253" level="INFO">${EMAIL} = wWAsU</msg>
<status status="PASS" starttime="20210906 16:10:39.252" endtime="20210906 16:10:39.253"/>
</kw>
<kw name="Set Global Variable" library="BuiltIn">
<arg>${EMAIL}</arg>
<doc>Makes a variable available globally in all tests and suites.</doc>
<msg timestamp="20210906 16:10:39.253" level="INFO">${EMAIL} = wWAsU</msg>
<status status="PASS" starttime="20210906 16:10:39.253" endtime="20210906 16:10:39.253"/>
</kw>
<status status="PASS" starttime="20210906 16:10:39.252" endtime="20210906 16:10:39.253"/>
</kw>
<kw name="Wait Until Element Is Visible" library="SeleniumLibrary">
<arg>//*[@id="email_create"]</arg>
<doc>Waits until the element ``locator`` is visible.</doc>
<status status="PASS" starttime="20210906 16:10:39.253" endtime="20210906 16:10:39.273"/>
</kw>
<kw name="Input Text" library="SeleniumLibrary">
<arg>//*[@id="email_create"]</arg>
<arg>${EMAIL}@hotmail.com</arg>
<doc>Types the given ``text`` into the text field identified by ``locator``.</doc>
<msg timestamp="20210906 16:10:39.273" level="INFO">Typing text 'wWAsU@hotmail.com' into text field '//*[@id="email_create"]'.</msg>
<status status="PASS" starttime="20210906 16:10:39.273" endtime="20210906 16:10:39.330"/>
</kw>
<status status="PASS" starttime="20210906 16:10:39.252" endtime="20210906 16:10:39.330"/>
</kw>
<kw name="E clicar no botão &quot;Create an account&quot;" library="login">
<kw name="Click Element" library="SeleniumLibrary">
<arg>//*[@id="SubmitCreate"]</arg>
<doc>Click the element identified by ``locator``.</doc>
<msg timestamp="20210906 16:10:39.331" level="INFO">Clicking element '//*[@id="SubmitCreate"]'.</msg>
<status status="PASS" starttime="20210906 16:10:39.331" endtime="20210906 16:10:39.364"/>
</kw>
<status status="PASS" starttime="20210906 16:10:39.330" endtime="20210906 16:10:39.365"/>
</kw>
<kw name="E preencher os campos obrigatórios" library="login">
<kw name="Wait Until Element Is Visible" library="SeleniumLibrary">
<arg>//*[@id="customer_firstname"]</arg>
<doc>Waits until the element ``locator`` is visible.</doc>
<status status="PASS" starttime="20210906 16:10:39.365" endtime="20210906 16:10:41.594"/>
</kw>
<kw name="Input Text" library="SeleniumLibrary">
<arg>//*[@id="customer_firstname"]</arg>
<arg>${PESSOA.nome}</arg>
<doc>Types the given ``text`` into the text field identified by ``locator``.</doc>
<msg timestamp="20210906 16:10:41.595" level="INFO">Typing text 'Marcel' into text field '//*[@id="customer_firstname"]'.</msg>
<status status="PASS" starttime="20210906 16:10:41.594" endtime="20210906 16:10:41.650"/>
</kw>
<kw name="Input Text" library="SeleniumLibrary">
<arg>//*[@id="customer_lastname"]</arg>
<arg>${PESSOA.sobrenome}</arg>
<doc>Types the given ``text`` into the text field identified by ``locator``.</doc>
<msg timestamp="20210906 16:10:41.650" level="INFO">Typing text 'Kai' into text field '//*[@id="customer_lastname"]'.</msg>
<status status="PASS" starttime="20210906 16:10:41.650" endtime="20210906 16:10:41.707"/>
</kw>
<kw name="Input Text" library="SeleniumLibrary">
<arg>//*[@id="email"]</arg>
<arg>${EMAIL}@hotmail.com</arg>
<doc>Types the given ``text`` into the text field identified by ``locator``.</doc>
<msg timestamp="20210906 16:10:41.708" level="INFO">Typing text 'wWAsU@hotmail.com' into text field '//*[@id="email"]'.</msg>
<status status="PASS" starttime="20210906 16:10:41.707" endtime="20210906 16:10:41.788"/>
</kw>
<kw name="Input Text" library="SeleniumLibrary">
<arg>//*[@id="passwd"]</arg>
<arg>${PESSOA.senha}</arg>
<doc>Types the given ``text`` into the text field identified by ``locator``.</doc>
<msg timestamp="20210906 16:10:41.789" level="INFO">Typing text '12345' into text field '//*[@id="passwd"]'.</msg>
<status status="PASS" starttime="20210906 16:10:41.789" endtime="20210906 16:10:41.843"/>
</kw>
<kw name="Input Text" library="SeleniumLibrary">
<arg>//*[@id="firstname"]</arg>
<arg>${ENDERECO.nome}</arg>
<doc>Types the given ``text`` into the text field identified by ``locator``.</doc>
<msg timestamp="20210906 16:10:41.844" level="INFO">Typing text 'Marcel' into text field '//*[@id="firstname"]'.</msg>
<status status="PASS" starttime="20210906 16:10:41.843" endtime="20210906 16:10:41.900"/>
</kw>
<kw name="Input Text" library="SeleniumLibrary">
<arg>//*[@id="lastname"]</arg>
<arg>${ENDERECO.sobrenome}</arg>
<doc>Types the given ``text`` into the text field identified by ``locator``.</doc>
<msg timestamp="20210906 16:10:41.901" level="INFO">Typing text 'Kai' into text field '//*[@id="lastname"]'.</msg>
<status status="PASS" starttime="20210906 16:10:41.900" endtime="20210906 16:10:41.953"/>
</kw>
<kw name="Input Text" library="SeleniumLibrary">
<arg>//*[@id="address1"]</arg>
<arg>${ENDERECO.rua}</arg>
<doc>Types the given ``text`` into the text field identified by ``locator``.</doc>
<msg timestamp="20210906 16:10:41.953" level="INFO">Typing text '23 de maio' into text field '//*[@id="address1"]'.</msg>
<status status="PASS" starttime="20210906 16:10:41.953" endtime="20210906 16:10:42.007"/>
</kw>
<kw name="Input Text" library="SeleniumLibrary">
<arg>//*[@id="city"]</arg>
<arg>${ENDERECO.cidade}</arg>
<doc>Types the given ``text`` into the text field identified by ``locator``.</doc>
<msg timestamp="20210906 16:10:42.007" level="INFO">Typing text 'SAO PAULO' into text field '//*[@id="city"]'.</msg>
<status status="PASS" starttime="20210906 16:10:42.007" endtime="20210906 16:10:42.063"/>
</kw>
<kw name="Sleep" library="BuiltIn">
<arg>2</arg>
<doc>Pauses the test executed for the given time.</doc>
<msg timestamp="20210906 16:10:44.079" level="INFO">Slept 2 seconds</msg>
<status status="PASS" starttime="20210906 16:10:42.063" endtime="20210906 16:10:44.079"/>
</kw>
<kw name="Click Element" library="SeleniumLibrary">
<arg>//*[@name="id_state"]</arg>
<doc>Click the element identified by ``locator``.</doc>
<msg timestamp="20210906 16:10:44.079" level="INFO">Clicking element '//*[@name="id_state"]'.</msg>
<status status="PASS" starttime="20210906 16:10:44.079" endtime="20210906 16:10:44.121"/>
</kw>
<kw name="Select From List By Label" library="SeleniumLibrary">
<arg>//*[@id="id_state"]</arg>
<arg>${ENDERECO.estado}</arg>
<doc>Selects options from selection list ``locator`` by ``labels``.</doc>
<msg timestamp="20210906 16:10:44.122" level="INFO">Selecting options from selection list '//*[@id="id_state"]' by label Arizona.</msg>
<status status="PASS" starttime="20210906 16:10:44.122" endtime="20210906 16:10:44.165"/>
</kw>
<kw name="Input Text" library="SeleniumLibrary">
<arg>//*[@id="postcode"]</arg>
<arg>${ENDERECO.cep}</arg>
<doc>Types the given ``text`` into the text field identified by ``locator``.</doc>
<msg timestamp="20210906 16:10:44.165" level="INFO">Typing text '00000' into text field '//*[@id="postcode"]'.</msg>
<status status="PASS" starttime="20210906 16:10:44.165" endtime="20210906 16:10:44.238"/>
</kw>
<kw name="Input Text" library="SeleniumLibrary">
<arg>//*[@id="phone"]</arg>
<arg>${ENDERECO.tel}</arg>
<doc>Types the given ``text`` into the text field identified by ``locator``.</doc>
<msg timestamp="20210906 16:10:44.239" level="INFO">Typing text '987639199' into text field '//*[@id="phone"]'.</msg>
<status status="PASS" starttime="20210906 16:10:44.238" endtime="20210906 16:10:44.296"/>
</kw>
<status status="PASS" starttime="20210906 16:10:39.365" endtime="20210906 16:10:44.296"/>
</kw>
<kw name="E clicar em Register para finalizar o cadastro" library="login">
<kw name="Click Element" library="SeleniumLibrary">
<arg>//*[@id="submitAccount"]</arg>
<doc>Click the element identified by ``locator``.</doc>
<msg timestamp="20210906 16:10:44.297" level="INFO">Clicking element '//*[@id="submitAccount"]'.</msg>
<status status="PASS" starttime="20210906 16:10:44.297" endtime="20210906 16:10:45.812"/>
</kw>
<status status="PASS" starttime="20210906 16:10:44.296" endtime="20210906 16:10:45.812"/>
</kw>
<kw name="Então a página de gerenciamento da conta deve ser exibida" library="login">
<kw name="Page Should Contain Element" library="SeleniumLibrary">
<arg>//*[@id="center_column"]//h1[@class="page-heading"][contains(text(), "My account")]</arg>
<doc>Verifies that element ``locator`` is found on the current page.</doc>
<msg timestamp="20210906 16:10:45.856" level="INFO">Current page contains element '//*[@id="center_column"]//h1[@class="page-heading"][contains(text(), "My account")]'.</msg>
<status status="PASS" starttime="20210906 16:10:45.813" endtime="20210906 16:10:45.856"/>
</kw>
<status status="PASS" starttime="20210906 16:10:45.813" endtime="20210906 16:10:45.856"/>
</kw>
<kw name="Fechar navegador" library="resources" type="TEARDOWN">
<kw name="Close Browser" library="SeleniumLibrary">
<doc>Closes the current browser.</doc>
<status status="PASS" starttime="20210906 16:10:45.857" endtime="20210906 16:10:47.931"/>
</kw>
<status status="PASS" starttime="20210906 16:10:45.857" endtime="20210906 16:10:47.932"/>
</kw>
<status status="PASS" starttime="20210906 16:10:30.955" endtime="20210906 16:10:47.934"/>
</test>
<test id="s1-t2" name="Caso de Teste 02: Login de usuário cadastrado">
<kw name="Abrir navegador" library="resources" type="SETUP">
<kw name="Open Browser" library="SeleniumLibrary">
<arg>http://automationpractice.com/index.php</arg>
<arg>${BROWSER}</arg>
<doc>Opens a new browser instance to the optional ``url``.</doc>
<msg timestamp="20210906 16:10:47.942" level="INFO">Opening browser 'chrome' to base url 'http://automationpractice.com/index.php'.</msg>
<status status="PASS" starttime="20210906 16:10:47.941" endtime="20210906 16:10:53.022"/>
</kw>
<status status="PASS" starttime="20210906 16:10:47.940" endtime="20210906 16:10:53.022"/>
</kw>
<kw name="Dado que estou na página home do site" library="home">
<kw name="Go To" library="SeleniumLibrary">
<arg>http://automationpractice.com/index.php</arg>
<doc>Navigates the current browser window to the provided ``url``.</doc>
<msg timestamp="20210906 16:10:53.023" level="INFO">Opening url 'http://automationpractice.com/index.php'</msg>
<status status="PASS" starttime="20210906 16:10:53.023" endtime="20210906 16:10:54.038"/>
</kw>
<kw name="Title Should Be" library="SeleniumLibrary">
<arg>My Store</arg>
<doc>Verifies that the current page title equals ``title``.</doc>
<msg timestamp="20210906 16:10:54.098" level="INFO">Page title is 'My Store'.</msg>
<status status="PASS" starttime="20210906 16:10:54.038" endtime="20210906 16:10:54.098"/>
</kw>
<status status="PASS" starttime="20210906 16:10:53.023" endtime="20210906 16:10:54.098"/>
</kw>
<kw name="Quando eu clicar no botão superior direito &quot;Sign in&quot;" library="home" sourcename="Quando eu clicar no botão superior direito &quot;${LOGAR}&quot;">
<kw name="Wait Until Element Is Visible" library="SeleniumLibrary">
<arg>//a[contains(text(), "${LOGAR}")]</arg>
<doc>Waits until the element ``locator`` is visible.</doc>
<status status="PASS" starttime="20210906 16:10:54.099" endtime="20210906 16:10:54.115"/>
</kw>
<kw name="Click Element" library="SeleniumLibrary">
<arg>//a[contains(text(), "${LOGAR}")]</arg>
<doc>Click the element identified by ``locator``.</doc>
<msg timestamp="20210906 16:10:54.115" level="INFO">Clicking element '//a[contains(text(), "Sign in")]'.</msg>
<status status="PASS" starttime="20210906 16:10:54.115" endtime="20210906 16:10:55.925"/>
</kw>
<status status="PASS" starttime="20210906 16:10:54.099" endtime="20210906 16:10:55.926"/>
</kw>
<kw name="E inserir um e-mail válido cadastrado" library="login">
<kw name="Input Text" library="SeleniumLibrary">
<arg>//*[@id="email"]</arg>
<arg>${EMAIL}@hotmail.com</arg>
<doc>Types the given ``text`` into the text field identified by ``locator``.</doc>
<msg timestamp="20210906 16:10:55.927" level="INFO">Typing text 'wWAsU@hotmail.com' into text field '//*[@id="email"]'.</msg>
<status status="PASS" starttime="20210906 16:10:55.926" endtime="20210906 16:10:55.994"/>
</kw>
<status status="PASS" starttime="20210906 16:10:55.926" endtime="20210906 16:10:55.994"/>
</kw>
<kw name="E inserir um password" library="login">
<kw name="Input Text" library="SeleniumLibrary">
<arg>//*[@id="passwd"]</arg>
<arg>${PESSOA.senha}</arg>
<doc>Types the given ``text`` into the text field identified by ``locator``.</doc>
<msg timestamp="20210906 16:10:55.995" level="INFO">Typing text '12345' into text field '//*[@id="passwd"]'.</msg>
<status status="PASS" starttime="20210906 16:10:55.995" endtime="20210906 16:10:56.090"/>
</kw>
<status status="PASS" starttime="20210906 16:10:55.994" endtime="20210906 16:10:56.090"/>
</kw>
<kw name="E clicar no botão Sign in" library="login">
<kw name="Click Element" library="SeleniumLibrary">
<arg>//*[@id="SubmitLogin"]</arg>
<doc>Click the element identified by ``locator``.</doc>
<msg timestamp="20210906 16:10:56.091" level="INFO">Clicking element '//*[@id="SubmitLogin"]'.</msg>
<status status="PASS" starttime="20210906 16:10:56.091" endtime="20210906 16:10:57.641"/>
</kw>
<status status="PASS" starttime="20210906 16:10:56.091" endtime="20210906 16:10:57.642"/>
</kw>
<kw name="Então a página de gerenciamento da conta deve ser exibida" library="login">
<kw name="Page Should Contain Element" library="SeleniumLibrary">
<arg>//*[@id="center_column"]//h1[@class="page-heading"][contains(text(), "My account")]</arg>
<doc>Verifies that element ``locator`` is found on the current page.</doc>
<msg timestamp="20210906 16:10:57.691" level="INFO">Current page contains element '//*[@id="center_column"]//h1[@class="page-heading"][contains(text(), "My account")]'.</msg>
<status status="PASS" starttime="20210906 16:10:57.642" endtime="20210906 16:10:57.691"/>
</kw>
<status status="PASS" starttime="20210906 16:10:57.642" endtime="20210906 16:10:57.691"/>
</kw>
<kw name="Fechar navegador" library="resources" type="TEARDOWN">
<kw name="Close Browser" library="SeleniumLibrary">
<doc>Closes the current browser.</doc>
<status status="PASS" starttime="20210906 16:10:57.692" endtime="20210906 16:10:59.755"/>
</kw>
<status status="PASS" starttime="20210906 16:10:57.691" endtime="20210906 16:10:59.755"/>
</kw>
<status status="PASS" starttime="20210906 16:10:47.938" endtime="20210906 16:10:59.756"/>
</test>
<test id="s1-t3" name="Caso de Teste 03: Login de usuário inválido">
<kw name="Abrir navegador" library="resources" type="SETUP">
<kw name="Open Browser" library="SeleniumLibrary">
<arg>http://automationpractice.com/index.php</arg>
<arg>${BROWSER}</arg>
<doc>Opens a new browser instance to the optional ``url``.</doc>
<msg timestamp="20210906 16:10:59.759" level="INFO">Opening browser 'chrome' to base url 'http://automationpractice.com/index.php'.</msg>
<status status="PASS" starttime="20210906 16:10:59.758" endtime="20210906 16:11:04.624"/>
</kw>
<status status="PASS" starttime="20210906 16:10:59.758" endtime="20210906 16:11:04.625"/>
</kw>
<kw name="Dado que estou na página home do site" library="home">
<kw name="Go To" library="SeleniumLibrary">
<arg>http://automationpractice.com/index.php</arg>
<doc>Navigates the current browser window to the provided ``url``.</doc>
<msg timestamp="20210906 16:11:04.626" level="INFO">Opening url 'http://automationpractice.com/index.php'</msg>
<status status="PASS" starttime="20210906 16:11:04.626" endtime="20210906 16:11:05.647"/>
</kw>
<kw name="Title Should Be" library="SeleniumLibrary">
<arg>My Store</arg>
<doc>Verifies that the current page title equals ``title``.</doc>
<msg timestamp="20210906 16:11:05.707" level="INFO">Page title is 'My Store'.</msg>
<status status="PASS" starttime="20210906 16:11:05.647" endtime="20210906 16:11:05.707"/>
</kw>
<status status="PASS" starttime="20210906 16:11:04.625" endtime="20210906 16:11:05.707"/>
</kw>
<kw name="Quando eu clicar no botão superior direito &quot;Sign in&quot;" library="home" sourcename="Quando eu clicar no botão superior direito &quot;${LOGAR}&quot;">
<kw name="Wait Until Element Is Visible" library="SeleniumLibrary">
<arg>//a[contains(text(), "${LOGAR}")]</arg>
<doc>Waits until the element ``locator`` is visible.</doc>
<status status="PASS" starttime="20210906 16:11:05.708" endtime="20210906 16:11:05.724"/>
</kw>
<kw name="Click Element" library="SeleniumLibrary">
<arg>//a[contains(text(), "${LOGAR}")]</arg>
<doc>Click the element identified by ``locator``.</doc>
<msg timestamp="20210906 16:11:05.724" level="INFO">Clicking element '//a[contains(text(), "Sign in")]'.</msg>
<status status="PASS" starttime="20210906 16:11:05.724" endtime="20210906 16:11:07.402"/>
</kw>
<status status="PASS" starttime="20210906 16:11:05.708" endtime="20210906 16:11:07.402"/>
</kw>
<kw name="E inserir um e-mail inválido" library="login">
<kw name="Input Text" library="SeleniumLibrary">
<arg>//*[@id="email"]</arg>
<arg>L4tesTeX@hotmail.com</arg>
<doc>Types the given ``text`` into the text field identified by ``locator``.</doc>
<msg timestamp="20210906 16:11:07.403" level="INFO">Typing text 'L4tesTeX@hotmail.com' into text field '//*[@id="email"]'.</msg>
<status status="PASS" starttime="20210906 16:11:07.403" endtime="20210906 16:11:07.470"/>
</kw>
<status status="PASS" starttime="20210906 16:11:07.403" endtime="20210906 16:11:07.470"/>
</kw>
<kw name="E inserir um password" library="login">
<kw name="Input Text" library="SeleniumLibrary">
<arg>//*[@id="passwd"]</arg>
<arg>${PESSOA.senha}</arg>
<doc>Types the given ``text`` into the text field identified by ``locator``.</doc>
<msg timestamp="20210906 16:11:07.471" level="INFO">Typing text '12345' into text field '//*[@id="passwd"]'.</msg>
<status status="PASS" starttime="20210906 16:11:07.470" endtime="20210906 16:11:07.569"/>
</kw>
<status status="PASS" starttime="20210906 16:11:07.470" endtime="20210906 16:11:07.569"/>
</kw>
<kw name="E clicar no botão Sign in" library="login">
<kw name="Click Element" library="SeleniumLibrary">
<arg>//*[@id="SubmitLogin"]</arg>
<doc>Click the element identified by ``locator``.</doc>
<msg timestamp="20210906 16:11:07.570" level="INFO">Clicking element '//*[@id="SubmitLogin"]'.</msg>
<status status="PASS" starttime="20210906 16:11:07.570" endtime="20210906 16:11:08.797"/>
</kw>
<status status="PASS" starttime="20210906 16:11:07.570" endtime="20210906 16:11:08.798"/>
</kw>
<kw name="Então é exibida mensagem de erro &quot;Authentication failed&quot;" library="login" sourcename="Então é exibida mensagem de erro &quot;${MENSAGEM_ERRO}&quot;">
<kw name="Wait Until Element Is Visible" library="SeleniumLibrary">
<arg>//*[@id="center_column"]/div[1]</arg>
<doc>Waits until the element ``locator`` is visible.</doc>
<status status="PASS" starttime="20210906 16:11:08.798" endtime="20210906 16:11:08.860"/>
</kw>
<kw name="Page Should Contain Element" library="SeleniumLibrary">
<arg>//*[@id="center_column"]/div[1]/ol/li[contains(text(), "${MENSAGEM_ERRO}")]</arg>
<doc>Verifies that element ``locator`` is found on the current page.</doc>
<msg timestamp="20210906 16:11:08.867" level="INFO">Current page contains element '//*[@id="center_column"]/div[1]/ol/li[contains(text(), "Authentication failed")]'.</msg>
<status status="PASS" starttime="20210906 16:11:08.860" endtime="20210906 16:11:08.867"/>
</kw>
<status status="PASS" starttime="20210906 16:11:08.798" endtime="20210906 16:11:08.867"/>
</kw>
<kw name="Fechar navegador" library="resources" type="TEARDOWN">
<kw name="Close Browser" library="SeleniumLibrary">
<doc>Closes the current browser.</doc>
<status status="PASS" starttime="20210906 16:11:08.868" endtime="20210906 16:11:10.944"/>
</kw>
<status status="PASS" starttime="20210906 16:11:08.868" endtime="20210906 16:11:10.944"/>
</kw>
<status status="PASS" starttime="20210906 16:10:59.758" endtime="20210906 16:11:10.944"/>
</test>
<test id="s1-t4" name="Caso de Teste 04: Login em branco">
<kw name="Abrir navegador" library="resources" type="SETUP">
<kw name="Open Browser" library="SeleniumLibrary">
<arg>http://automationpractice.com/index.php</arg>
<arg>${BROWSER}</arg>
<doc>Opens a new browser instance to the optional ``url``.</doc>
<msg timestamp="20210906 16:11:10.946" level="INFO">Opening browser 'chrome' to base url 'http://automationpractice.com/index.php'.</msg>
<status status="PASS" starttime="20210906 16:11:10.946" endtime="20210906 16:11:15.929"/>
</kw>
<status status="PASS" starttime="20210906 16:11:10.945" endtime="20210906 16:11:15.929"/>
</kw>
<kw name="Dado que estou na página home do site" library="home">
<kw name="Go To" library="SeleniumLibrary">
<arg>http://automationpractice.com/index.php</arg>
<doc>Navigates the current browser window to the provided ``url``.</doc>
<msg timestamp="20210906 16:11:15.930" level="INFO">Opening url 'http://automationpractice.com/index.php'</msg>
<status status="PASS" starttime="20210906 16:11:15.930" endtime="20210906 16:11:16.975"/>
</kw>
<kw name="Title Should Be" library="SeleniumLibrary">
<arg>My Store</arg>
<doc>Verifies that the current page title equals ``title``.</doc>
<msg timestamp="20210906 16:11:17.038" level="INFO">Page title is 'My Store'.</msg>
<status status="PASS" starttime="20210906 16:11:16.976" endtime="20210906 16:11:17.038"/>
</kw>
<status status="PASS" starttime="20210906 16:11:15.929" endtime="20210906 16:11:17.038"/>
</kw>
<kw name="Quando eu clicar no botão superior direito &quot;Sign in&quot;" library="home" sourcename="Quando eu clicar no botão superior direito &quot;${LOGAR}&quot;">
<kw name="Wait Until Element Is Visible" library="SeleniumLibrary">
<arg>//a[contains(text(), "${LOGAR}")]</arg>
<doc>Waits until the element ``locator`` is visible.</doc>
<status status="PASS" starttime="20210906 16:11:17.039" endtime="20210906 16:11:17.056"/>
</kw>
<kw name="Click Element" library="SeleniumLibrary">
<arg>//a[contains(text(), "${LOGAR}")]</arg>
<doc>Click the element identified by ``locator``.</doc>
<msg timestamp="20210906 16:11:17.056" level="INFO">Clicking element '//a[contains(text(), "Sign in")]'.</msg>
<status status="PASS" starttime="20210906 16:11:17.056" endtime="20210906 16:11:18.632"/>
</kw>
<status status="PASS" starttime="20210906 16:11:17.039" endtime="20210906 16:11:18.632"/>
</kw>
<kw name="E clicar no botão Sign in" library="login">
<kw name="Click Element" library="SeleniumLibrary">
<arg>//*[@id="SubmitLogin"]</arg>
<doc>Click the element identified by ``locator``.</doc>
<msg timestamp="20210906 16:11:18.633" level="INFO">Clicking element '//*[@id="SubmitLogin"]'.</msg>
<status status="PASS" starttime="20210906 16:11:18.632" endtime="20210906 16:11:19.940"/>
</kw>
<status status="PASS" starttime="20210906 16:11:18.632" endtime="20210906 16:11:19.940"/>
</kw>
<kw name="Então é exibida mensagem de erro &quot;An email address required&quot;" library="login" sourcename="Então é exibida mensagem de erro &quot;${MENSAGEM_ERRO}&quot;">
<kw name="Wait Until Element Is Visible" library="SeleniumLibrary">
<arg>//*[@id="center_column"]/div[1]</arg>
<doc>Waits until the element ``locator`` is visible.</doc>
<status status="PASS" starttime="20210906 16:11:19.940" endtime="20210906 16:11:20.003"/>
</kw>
<kw name="Page Should Contain Element" library="SeleniumLibrary">
<arg>//*[@id="center_column"]/div[1]/ol/li[contains(text(), "${MENSAGEM_ERRO}")]</arg>
<doc>Verifies that element ``locator`` is found on the current page.</doc>
<msg timestamp="20210906 16:11:20.009" level="INFO">Current page contains element '//*[@id="center_column"]/div[1]/ol/li[contains(text(), "An email address required")]'.</msg>
<status status="PASS" starttime="20210906 16:11:20.003" endtime="20210906 16:11:20.009"/>
</kw>
<status status="PASS" starttime="20210906 16:11:19.940" endtime="20210906 16:11:20.009"/>
</kw>
<kw name="Fechar navegador" library="resources" type="TEARDOWN">
<kw name="Close Browser" library="SeleniumLibrary">
<doc>Closes the current browser.</doc>
<status status="PASS" starttime="20210906 16:11:20.010" endtime="20210906 16:11:22.098"/>
</kw>
<status status="PASS" starttime="20210906 16:11:20.010" endtime="20210906 16:11:22.099"/>
</kw>
<status status="PASS" starttime="20210906 16:11:10.945" endtime="20210906 16:11:22.100"/>
</test>
<status status="PASS" starttime="20210906 16:10:30.808" endtime="20210906 16:11:22.105"/>
</suite>
<statistics>
<total>
<stat pass="4" fail="0" skip="0">All Tests</stat>
</total>
<tag>
</tag>
<suite>
<stat pass="4" fail="0" skip="0" id="s1" name="Testweb">Testweb</stat>
</suite>
</statistics>
<errors>
</errors>
</robot>
